<?xml version='1.0' encoding='UTF-8'?>
<testsuite hostname="iMac-de-William-MACHI.local" name="patmat.HuffmanSuite" tests="7" errors="0" failures="0" skipped="0" time="0.179" timestamp="2020-03-10T17:43:36">
                     <properties>
      <property name="java.specification.version" value="13"/><property name="sun.jnu.encoding" value="UTF-8"/><property name="sun.arch.data.model" value="64"/><property name="java.vendor.url" value="https://openjdk.java.net/"/><property name="sun.boot.library.path" value="/usr/local/Cellar/openjdk/13.0.2+8_2/libexec/openjdk.jdk/Contents/Home/lib"/><property name="sun.java.command" value="/usr/local/Cellar/sbt/1.3.8_1/libexec/bin/sbt-launch.jar"/><property name="jdk.debug" value="release"/><property name="java.specification.vendor" value="Oracle Corporation"/><property name="java.version.date" value="2020-01-14"/><property name="java.home" value="/usr/local/Cellar/openjdk/13.0.2+8_2/libexec/openjdk.jdk/Contents/Home"/><property name="file.separator" value="/"/><property name="java.vm.compressedOopsMode" value="Zero based"/><property name="line.separator" value="
"/><property name="java.vm.specification.vendor" value="Oracle Corporation"/><property name="java.specification.name" value="Java Platform API Specification"/><property name="sun.management.compiler" value="HotSpot 64-Bit Tiered Compilers"/><property name="java.runtime.version" value="13.0.2+8"/><property name="user.name" value="wmachi"/><property name="file.encoding" value="UTF-8"/><property name="jnidispatch.path" value="/var/folders/fz/lhx5v5jd68d3tbybr7w9k76c0000gp/T/jna--784446343/jna13903735852692789440.tmp"/><property name="jna.loaded" value="true"/><property name="java.io.tmpdir" value="/var/folders/fz/lhx5v5jd68d3tbybr7w9k76c0000gp/T/"/><property name="java.version" value="13.0.2"/><property name="java.vm.specification.name" value="Java Virtual Machine Specification"/><property name="java.library.path" value="/Users/wmachi/Library/Java/Extensions:/Library/Java/Extensions:/Network/Library/Java/Extensions:/System/Library/Java/Extensions:/usr/lib/java:."/><property name="java.vendor" value="N/A"/><property name="scala.ext.dirs" value="/Users/wmachi/.sbt/0.13/java9-rt-ext-n_a_13_0_2"/><property name="sun.io.unicode.encoding" value="UnicodeBig"/><property name="socksNonProxyHosts" value="local|*.local|169.254/16|*.169.254/16"/><property name="java.class.path" value="/usr/local/Cellar/sbt/1.3.8_1/libexec/bin/sbt-launch.jar"/><property name="java.vm.vendor" value="Oracle Corporation"/><property name="jline.shutdownhook" value="false"/><property name="user.timezone" value="Europe/Paris"/><property name="java.vm.specification.version" value="13"/><property name="os.name" value="Mac OS X"/><property name="sun.java.launcher" value="SUN_STANDARD"/><property name="user.country" value="FR"/><property name="http.nonProxyHosts" value="local|*.local|169.254/16|*.169.254/16"/><property name="sun.cpu.endian" value="little"/><property name="user.home" value="/Users/wmachi"/><property name="user.language" value="fr"/><property name="jline.esc.timeout" value="0"/><property name="ftp.nonProxyHosts" value="local|*.local|169.254/16|*.169.254/16"/><property name="path.separator" value=":"/><property name="os.version" value="10.14.6"/><property name="jna.nosys" value="true"/><property name="java.runtime.name" value="OpenJDK Runtime Environment"/><property name="java.vm.name" value="OpenJDK 64-Bit Server VM"/><property name="jna.platform.library.path" value="/usr/lib:/usr/lib"/><property name="java.vendor.url.bug" value="https://bugreport.java.com/bugreport/"/><property name="user.dir" value="/Users/wmachi/Documents/dev/scala/Coursera/progFun1/Week4/patmat"/><property name="os.arch" value="x86_64"/><property name="java.vm.info" value="mixed mode, sharing"/><property name="java.vm.version" value="13.0.2+8"/><property name="java.class.version" value="57.0"/>
    </properties>
                     <testcase classname="patmat.HuffmanSuite" name="chars of a larger tree (10pts)" time="0.078">
                                                 
                                               </testcase><testcase classname="patmat.HuffmanSuite" name="weight of a larger tree (10pts)" time="0.003">
                                                 
                                               </testcase><testcase classname="patmat.HuffmanSuite" name="decode and encode a very short text should be identity (10pts)" time="0.086">
                                                 
                                               </testcase><testcase classname="patmat.HuffmanSuite" name="codeBits mus return the bitList corresponding to the chr" time="0.002">
                                                 
                                               </testcase><testcase classname="patmat.HuffmanSuite" name="string2chars hello world" time="0.002">
                                                 
                                               </testcase><testcase classname="patmat.HuffmanSuite" name="combine of some leaf list (15pts)" time="0.004">
                                                 
                                               </testcase><testcase classname="patmat.HuffmanSuite" name="make ordered leaf list for some frequency table (15pts)" time="0.004">
                                                 
                                               </testcase>
                     <system-out><![CDATA[]]></system-out>
                     <system-err><![CDATA[]]></system-err>
                   </testsuite>